#
# There is insufficient memory for the Java Runtime Environment to continue.
# Native memory allocation (malloc) failed to allocate 1048576 bytes for AllocateHeap
# Possible reasons:
#   The system is out of physical RAM or swap space
#   In 32 bit mode, the process size limit was hit
# Possible solutions:
#   Reduce memory load on the system
#   Increase physical memory or swap space
#   Check if swap backing store is full
#   Use 64 bit Java on a 64 bit OS
#   Decrease Java heap size (-Xmx/-Xms)
#   Decrease number of Java threads
#   Decrease Java thread stack sizes (-Xss)
#   Set larger code cache with -XX:ReservedCodeCacheSize=
# This output file may be truncated or incomplete.
#
#  Out of Memory Error (memory/allocation.inline.hpp:61), pid=17180, tid=0x0000000000005f44
#
# JRE version:  (8.0_131-b11) (build )
# Java VM: Java HotSpot(TM) 64-Bit Server VM (25.131-b11 mixed mode windows-amd64 compressed oops)
# Failed to write core dump. Minidumps are not enabled by default on client versions of Windows
#

---------------  T H R E A D  ---------------

Current thread (0x0000000004ead800):  JavaThread "Unknown thread" [_thread_in_vm, id=24388, stack(0x0000000004da0000,0x0000000004ea0000)]

Stack: [0x0000000004da0000,0x0000000004ea0000]
[error occurred during error reporting (printing stack bounds), id 0xc0000005]

Native frames: (J=compiled Java code, j=interpreted, Vv=VM code, C=native code)


---------------  P R O C E S S  ---------------

Java Threads: ( => current thread )

Other Threads:

=>0x0000000004ead800 (exited) JavaThread "Unknown thread" [_thread_in_vm, id=24388, stack(0x0000000004da0000,0x0000000004ea0000)]

VM state:not at safepoint (normal execution)

VM Mutex/Monitor currently owned by a thread: None

Heap:
 PSYoungGen      total 35840K, used 614K [0x00000000d8780000, 0x00000000daf80000, 0x0000000100000000)
  eden space 30720K, 2% used [0x00000000d8780000,0x00000000d88199a8,0x00000000da580000)
  from space 5120K, 0% used [0x00000000daa80000,0x00000000daa80000,0x00000000daf80000)
  to   space 5120K, 0% used [0x00000000da580000,0x00000000da580000,0x00000000daa80000)
 ParOldGen       total 81920K, used 0K [0x0000000089600000, 0x000000008e600000, 0x00000000d8780000)
  object space 81920K, 0% used [0x0000000089600000,0x0000000089600000,0x000000008e600000)
 Metaspace       used 770K, capacity 4480K, committed 4480K, reserved 1056768K
  class space    used 75K, capacity 384K, committed 384K, reserved 1048576K

Card table byte_map: [0x0000000014370000,0x0000000014730000] byte_map_base: 0x0000000013f25000

Marking Bits: (ParMarkBitMap*) 0x000000007173c720
 Begin Bits: [0x0000000014db0000, 0x0000000016b58000)
 End Bits:   [0x0000000016b58000, 0x0000000018900000)

Polling page: 0x00000000034d0000

CodeCache: size=245760Kb used=328Kb max_used=328Kb free=245431Kb
 bounds [0x0000000004fb0000, 0x0000000005220000, 0x0000000013fb0000]
 total_blobs=58 nmethods=0 adapters=38
 compilation: enabled

Compilation events (0 events):
No events

GC Heap History (0 events):
No events

Deoptimization events (0 events):
No events

Internal exceptions (0 events):
No events

Events (10 events):
Event: 0.031 loading class java/lang/Short
Event: 0.031 loading class java/lang/Short done
Event: 0.031 loading class java/lang/Integer
Event: 0.031 loading class java/lang/Integer done
Event: 0.031 loading class java/lang/Long
Event: 0.031 loading class java/lang/Long done
Event: 0.032 loading class java/lang/NullPointerException
Event: 0.032 loading class java/lang/NullPointerException done
Event: 0.032 loading class java/lang/ArithmeticException
Event: 0.032 loading class java/lang/ArithmeticException done


Dynamic libraries:
0x00007ff6ef040000 - 0x00007ff6ef077000 	C:\Program Files\Java\jdk1.8.0_131\bin\javaw.exe
0x00007ffb32b50000 - 0x00007ffb32d30000 	C:\WINDOWS\SYSTEM32\ntdll.dll
0x00007ffb32a40000 - 0x00007ffb32aee000 	C:\WINDOWS\System32\KERNEL32.DLL
0x00007ffb2fc90000 - 0x00007ffb2fef6000 	C:\WINDOWS\System32\KERNELBASE.dll
0x00007ffb31b80000 - 0x00007ffb31c21000 	C:\WINDOWS\System32\ADVAPI32.dll
0x00007ffb31ec0000 - 0x00007ffb31f5d000 	C:\WINDOWS\System32\msvcrt.dll
0x00007ffb31e60000 - 0x00007ffb31ebb000 	C:\WINDOWS\System32\sechost.dll
0x00007ffb31d10000 - 0x00007ffb31e2f000 	C:\WINDOWS\System32\RPCRT4.dll
0x00007ffb30020000 - 0x00007ffb301af000 	C:\WINDOWS\System32\USER32.dll
0x00007ffb2ff50000 - 0x00007ffb2ff70000 	C:\WINDOWS\System32\win32u.dll
0x00007ffb31c30000 - 0x00007ffb31c58000 	C:\WINDOWS\System32\GDI32.dll
0x00007ffb2ef50000 - 0x00007ffb2f0e3000 	C:\WINDOWS\System32\gdi32full.dll
0x00007ffb2f170000 - 0x00007ffb2f20b000 	C:\WINDOWS\System32\msvcp_win.dll
0x00007ffb2fb90000 - 0x00007ffb2fc86000 	C:\WINDOWS\System32\ucrtbase.dll
0x00007ffb21f20000 - 0x00007ffb22189000 	C:\WINDOWS\WinSxS\amd64_microsoft.windows.common-controls_6595b64144ccf1df_6.0.16299.309_none_15cfd4c4935e6b11\COMCTL32.dll
0x00007ffb31fd0000 - 0x00007ffb322d8000 	C:\WINDOWS\System32\combase.dll
0x00007ffb2f0f0000 - 0x00007ffb2f162000 	C:\WINDOWS\System32\bcryptPrimitives.dll
0x00007ffb32af0000 - 0x00007ffb32b1d000 	C:\WINDOWS\System32\IMM32.DLL
0x0000000071890000 - 0x0000000071962000 	C:\Program Files\Java\jdk1.8.0_131\jre\bin\msvcr100.dll
0x0000000070f20000 - 0x00000000717bc000 	C:\Program Files\Java\jdk1.8.0_131\jre\bin\server\jvm.dll
0x00007ffb31e30000 - 0x00007ffb31e38000 	C:\WINDOWS\System32\PSAPI.DLL
0x00007ffb219e0000 - 0x00007ffb219ea000 	C:\WINDOWS\SYSTEM32\VERSION.dll
0x00007ffb295c0000 - 0x00007ffb295c9000 	C:\WINDOWS\SYSTEM32\WSOCK32.dll
0x00007ffb31f60000 - 0x00007ffb31fcc000 	C:\WINDOWS\System32\WS2_32.dll
0x00007ffb2a920000 - 0x00007ffb2a943000 	C:\WINDOWS\SYSTEM32\WINMM.dll
0x00007ffb2a8c0000 - 0x00007ffb2a8ea000 	C:\WINDOWS\SYSTEM32\WINMMBASE.dll
0x00007ffb2ff00000 - 0x00007ffb2ff4a000 	C:\WINDOWS\System32\cfgmgr32.dll
0x0000000071f80000 - 0x0000000071f8f000 	C:\Program Files\Java\jdk1.8.0_131\jre\bin\verify.dll
0x0000000071f50000 - 0x0000000071f79000 	C:\Program Files\Java\jdk1.8.0_131\jre\bin\java.dll
0x0000000071f30000 - 0x0000000071f46000 	C:\Program Files\Java\jdk1.8.0_131\jre\bin\zip.dll

VM Arguments:
jvm_args: -Dfile.encoding=Cp1252 
java_command: bank.Main
java_class_path (initial): C:\Program Files\Java\jdk1.8.0_131\jre\lib\resources.jar;C:\Program Files\Java\jdk1.8.0_131\jre\lib\rt.jar;C:\Program Files\Java\jdk1.8.0_131\jre\lib\jsse.jar;C:\Program Files\Java\jdk1.8.0_131\jre\lib\jce.jar;C:\Program Files\Java\jdk1.8.0_131\jre\lib\charsets.jar;C:\Program Files\Java\jdk1.8.0_131\jre\lib\jfr.jar;C:\Program Files\Java\jdk1.8.0_131\jre\lib\ext\access-bridge-64.jar;C:\Program Files\Java\jdk1.8.0_131\jre\lib\ext\cldrdata.jar;C:\Program Files\Java\jdk1.8.0_131\jre\lib\ext\dnsns.jar;C:\Program Files\Java\jdk1.8.0_131\jre\lib\ext\jaccess.jar;C:\Program Files\Java\jdk1.8.0_131\jre\lib\ext\jfxrt.jar;C:\Program Files\Java\jdk1.8.0_131\jre\lib\ext\localedata.jar;C:\Program Files\Java\jdk1.8.0_131\jre\lib\ext\nashorn.jar;C:\Program Files\Java\jdk1.8.0_131\jre\lib\ext\sunec.jar;C:\Program Files\Java\jdk1.8.0_131\jre\lib\ext\sunjce_provider.jar;C:\Program Files\Java\jdk1.8.0_131\jre\lib\ext\sunmscapi.jar;C:\Program Files\Java\jdk1.8.0_131\jre\lib\ext\sunpkcs11.jar;C:\Program Files\Java\jdk1.8.0_131\jre\lib\ext\zipfs.jar;C:\Users\Hp\eclipse-workspace\Workshop5\bin
Launcher Type: SUN_STANDARD

Environment Variables:
PATH=C:/Program Files/Java/jdk1.8.0_131/jre/bin/server;C:/Program Files/Java/jdk1.8.0_131/jre/bin;C:/Program Files/Java/jdk1.8.0_131/jre/lib/amd64;C:\app\Hp\product\11.2.0\client_1;C:\Program Files\Microsoft MPI\Bin\;C:\WINDOWS\system32;C:\WINDOWS;C:\WINDOWS\System32\Wbem;C:\WINDOWS\System32\WindowsPowerShell\v1.0\;C:\Program Files\Microsoft SQL Server\130\Tools\Binn\;C:\Program Files\dotnet\;C:\Program Files\nodejs\;C:\PostgreSQL\pg10\bin;C:\PostgreSQL\pg96\bin;C:\Program Files\TortoiseGit\bin;C:\Program Files\MATLAB\R2017a\runtime\win64;C:\Program Files\MATLAB\R2017a\bin;C:\Program Files (x86)\IBM\Client Access\Emulator;C:\Program Files (x86)\IBM\Client Access\Shared;C:\Program Files (x86)\IBM\Client Access\;C:\Program Files\Git\cmd;C:\Users\Hp\AppData\Local\Microsoft\WindowsApps;;C:\Program Files\Microsoft VS Code\bin;C:\Users\Hp\AppData\Roaming\npm;C:\Program Files\Heroku\bin;C:\Users\Hp\eclipse\java-oxygen\eclipse;
USERNAME=Hp
OS=Windows_NT
PROCESSOR_IDENTIFIER=Intel64 Family 6 Model 61 Stepping 4, GenuineIntel



---------------  S Y S T E M  ---------------

OS: Windows 10.0 , 64 bit Build 16299 (10.0.16299.15)

CPU:total 4 (initial active 4) (2 cores per cpu, 2 threads per core) family 6 model 61 stepping 4, cmov, cx8, fxsr, mmx, sse, sse2, sse3, ssse3, sse4.1, sse4.2, popcnt, avx, avx2, aes, clmul, erms, 3dnowpref, lzcnt, ht, tsc, tscinvbit, bmi1, bmi2, adx

Memory: 4k page, physical 7769196k(2286848k free), swap 31886444k(5608k free)

vm_info: Java HotSpot(TM) 64-Bit Server VM (25.131-b11) for windows-amd64 JRE (1.8.0_131-b11), built on Mar 15 2017 01:23:53 by "java_re" with MS VC++ 10.0 (VS2010)

time: Tue Apr 03 02:33:32 2018
elapsed time: 0 seconds (0d 0h 0m 0s)

